* dec37c6 Trying git diff
* 9d7275c Year stations and start dates
*   e84255f Solving conflict on year stations and start dates
|\  
| * 3779a0c Adding stations of the year
* | 9037a25 Adding stations of year with start date
|/  
*   840840f Solving merge conflicts maing-html
|\  
| * a16d314 Add index.js to index.html
* | 4d3ba63 Add style.css to index.html
|/  
*   1e080b4 Merge branch 'js'
|\  
| * 1b1c563 Create the js
* | 9212a04 Create the css
* | 0b6c51a Create the html
|/  
* 0571406 Create license.txt
* c1b595f Add content to README and Delete Test File
* 1c522ae Adding intial content to README
* 07f45c1 First commit
